<?xml version="1.0" encoding="UTF-8"?>
<testsuite name="com.semillero.rest.RestApplicationTests" tests="1" skipped="0" failures="0" errors="0" timestamp="2022-12-27T23:23:34" hostname="BOG-4FWXDB3" time="0.608">
  <properties/>
  <testcase name="contextLoads()" classname="com.semillero.rest.RestApplicationTests" time="0.608"/>
  <system-out><![CDATA[18:23:28.824 [Test worker] DEBUG org.springframework.test.context.BootstrapUtils - Instantiating CacheAwareContextLoaderDelegate from class [org.springframework.test.context.cache.DefaultCacheAwareContextLoaderDelegate]
18:23:28.906 [Test worker] DEBUG org.springframework.test.context.BootstrapUtils - Instantiating BootstrapContext using constructor [public org.springframework.test.context.support.DefaultBootstrapContext(java.lang.Class,org.springframework.test.context.CacheAwareContextLoaderDelegate)]
18:23:28.986 [Test worker] DEBUG org.springframework.test.context.BootstrapUtils - Instantiating TestContextBootstrapper for test class [com.semillero.rest.RestApplicationTests] from class [org.springframework.boot.test.context.SpringBootTestContextBootstrapper]
18:23:29.000 [Test worker] INFO org.springframework.boot.test.context.SpringBootTestContextBootstrapper - Neither @ContextConfiguration nor @ContextHierarchy found for test class [com.semillero.rest.RestApplicationTests], using SpringBootContextLoader
18:23:29.006 [Test worker] DEBUG org.springframework.test.context.support.AbstractContextLoader - Did not detect default resource location for test class [com.semillero.rest.RestApplicationTests]: class path resource [com/semillero/rest/RestApplicationTests-context.xml] does not exist
18:23:29.006 [Test worker] DEBUG org.springframework.test.context.support.AbstractContextLoader - Did not detect default resource location for test class [com.semillero.rest.RestApplicationTests]: class path resource [com/semillero/rest/RestApplicationTestsContext.groovy] does not exist
18:23:29.006 [Test worker] INFO org.springframework.test.context.support.AbstractContextLoader - Could not detect default resource locations for test class [com.semillero.rest.RestApplicationTests]: no resource found for suffixes {-context.xml, Context.groovy}.
18:23:29.007 [Test worker] INFO org.springframework.test.context.support.AnnotationConfigContextLoaderUtils - Could not detect default configuration classes for test class [com.semillero.rest.RestApplicationTests]: RestApplicationTests does not declare any static, non-private, non-final, nested classes annotated with @Configuration.
18:23:29.065 [Test worker] DEBUG org.springframework.test.context.support.ActiveProfilesUtils - Could not find an 'annotation declaring class' for annotation type [org.springframework.test.context.ActiveProfiles] and class [com.semillero.rest.RestApplicationTests]
18:23:29.187 [Test worker] DEBUG org.springframework.context.annotation.ClassPathScanningCandidateComponentProvider - Identified candidate component class: file [C:\Users\jmendebr\OneDrive - NTT DATA EMEAL\Documentos\rest\build\classes\java\main\com\semillero\rest\RestApplication.class]
18:23:29.189 [Test worker] INFO org.springframework.boot.test.context.SpringBootTestContextBootstrapper - Found @SpringBootConfiguration com.semillero.rest.RestApplication for test class com.semillero.rest.RestApplicationTests
18:23:29.380 [Test worker] DEBUG org.springframework.boot.test.context.SpringBootTestContextBootstrapper - @TestExecutionListeners is not present for class [com.semillero.rest.RestApplicationTests]: using defaults.
18:23:29.380 [Test worker] INFO org.springframework.boot.test.context.SpringBootTestContextBootstrapper - Loaded default TestExecutionListener class names from location [META-INF/spring.factories]: [org.springframework.boot.test.autoconfigure.restdocs.RestDocsTestExecutionListener, org.springframework.boot.test.autoconfigure.web.client.MockRestServiceServerResetTestExecutionListener, org.springframework.boot.test.autoconfigure.web.servlet.MockMvcPrintOnlyOnFailureTestExecutionListener, org.springframework.boot.test.autoconfigure.web.servlet.WebDriverTestExecutionListener, org.springframework.boot.test.autoconfigure.webservices.client.MockWebServiceServerTestExecutionListener, org.springframework.boot.test.mock.mockito.MockitoTestExecutionListener, org.springframework.boot.test.mock.mockito.ResetMocksTestExecutionListener, org.springframework.test.context.web.ServletTestExecutionListener, org.springframework.test.context.support.DirtiesContextBeforeModesTestExecutionListener, org.springframework.test.context.event.ApplicationEventsTestExecutionListener, org.springframework.test.context.support.DependencyInjectionTestExecutionListener, org.springframework.test.context.support.DirtiesContextTestExecutionListener, org.springframework.test.context.transaction.TransactionalTestExecutionListener, org.springframework.test.context.jdbc.SqlScriptsTestExecutionListener, org.springframework.test.context.event.EventPublishingTestExecutionListener]
18:23:29.405 [Test worker] DEBUG org.springframework.boot.test.context.SpringBootTestContextBootstrapper - Skipping candidate TestExecutionListener [org.springframework.test.context.transaction.TransactionalTestExecutionListener] due to a missing dependency. Specify custom listener classes or make the default listener classes and their required dependencies available. Offending class: [org/springframework/transaction/interceptor/TransactionAttributeSource]
18:23:29.407 [Test worker] DEBUG org.springframework.boot.test.context.SpringBootTestContextBootstrapper - Skipping candidate TestExecutionListener [org.springframework.test.context.jdbc.SqlScriptsTestExecutionListener] due to a missing dependency. Specify custom listener classes or make the default listener classes and their required dependencies available. Offending class: [org/springframework/transaction/interceptor/TransactionAttribute]
18:23:29.407 [Test worker] INFO org.springframework.boot.test.context.SpringBootTestContextBootstrapper - Using TestExecutionListeners: [org.springframework.test.context.web.ServletTestExecutionListener@7fc44dec, org.springframework.test.context.support.DirtiesContextBeforeModesTestExecutionListener@7e3060d8, org.springframework.test.context.event.ApplicationEventsTestExecutionListener@293d0107, org.springframework.boot.test.mock.mockito.MockitoTestExecutionListener@2692b61e, org.springframework.boot.test.autoconfigure.SpringBootDependencyInjectionTestExecutionListener@7b64240d, org.springframework.test.context.support.DirtiesContextTestExecutionListener@62fad19, org.springframework.test.context.event.EventPublishingTestExecutionListener@47dbb1e2, org.springframework.boot.test.autoconfigure.restdocs.RestDocsTestExecutionListener@74cadd41, org.springframework.boot.test.autoconfigure.web.client.MockRestServiceServerResetTestExecutionListener@2e54db99, org.springframework.boot.test.autoconfigure.web.servlet.MockMvcPrintOnlyOnFailureTestExecutionListener@55e8ec2f, org.springframework.boot.test.autoconfigure.web.servlet.WebDriverTestExecutionListener@4f2613d1, org.springframework.boot.test.autoconfigure.webservices.client.MockWebServiceServerTestExecutionListener@6d24ffa1, org.springframework.boot.test.mock.mockito.ResetMocksTestExecutionListener@65a4798f]
18:23:29.418 [Test worker] DEBUG org.springframework.test.context.support.AbstractDirtiesContextTestExecutionListener - Before test class: context [DefaultTestContext@3f1c5af9 testClass = RestApplicationTests, testInstance = [null], testMethod = [null], testException = [null], mergedContextConfiguration = [WebMergedContextConfiguration@1c55f277 testClass = RestApplicationTests, locations = '{}', classes = '{class com.semillero.rest.RestApplication}', contextInitializerClasses = '[]', activeProfiles = '{}', propertySourceLocations = '{}', propertySourceProperties = '{org.springframework.boot.test.context.SpringBootTestContextBootstrapper=true}', contextCustomizers = set[org.springframework.boot.test.autoconfigure.actuate.metrics.MetricsExportContextCustomizerFactory$DisableMetricExportContextCustomizer@2c07545f, org.springframework.boot.test.autoconfigure.properties.PropertyMappingContextCustomizer@0, org.springframework.boot.test.autoconfigure.web.servlet.WebDriverContextCustomizerFactory$Customizer@64c63c79, org.springframework.boot.test.context.filter.ExcludeFilterContextCustomizer@24ba9639, org.springframework.boot.test.json.DuplicateJsonObjectContextCustomizerFactory$DuplicateJsonObjectContextCustomizer@7749bf93, org.springframework.boot.test.mock.mockito.MockitoContextCustomizer@0, org.springframework.boot.test.web.client.TestRestTemplateContextCustomizer@5460cf3a, org.springframework.boot.test.context.SpringBootTestArgs@1, org.springframework.boot.test.context.SpringBootTestWebEnvironment@68c72235], resourceBasePath = 'src/main/webapp', contextLoader = 'org.springframework.boot.test.context.SpringBootContextLoader', parent = [null]], attributes = map['org.springframework.test.context.web.ServletTestExecutionListener.activateListener' -> true]], class annotated with @DirtiesContext [false] with mode [null].

  .   ____          _            __ _ _
 /\\ / ___'_ __ _ _(_)_ __  __ _ \ \ \ \
( ( )\___ | '_ | '_| | '_ \/ _` | \ \ \ \
 \\/  ___)| |_)| | | | | || (_| |  ) ) ) )
  '  |____| .__|_| |_|_| |_\__, | / / / /
 =========|_|==============|___/=/_/_/_/
 :: Spring Boot ::                (v2.7.6)

2022-12-27 18:23:30.285  INFO 2508 --- [    Test worker] com.semillero.rest.RestApplicationTests  : Starting RestApplicationTests using Java 17.0.5 on BOG-4FWXDB3 with PID 2508 (started by jmendebr in C:\Users\jmendebr\OneDrive - NTT DATA EMEAL\Documentos\rest)
2022-12-27 18:23:30.288  INFO 2508 --- [    Test worker] com.semillero.rest.RestApplicationTests  : No active profile set, falling back to 1 default profile: "default"
2022-12-27 18:23:34.886  INFO 2508 --- [    Test worker] com.semillero.rest.RestApplicationTests  : Started RestApplicationTests in 5.383 seconds (JVM running for 7.75)
]]></system-out>
  <system-err><![CDATA[]]></system-err>
</testsuite>
